[LOG] System::create                           : Header version = 1.10.06. Current version = 1.10.06.
[LOG] Manager::init                            : maxchannels = 256 studioflags = 00000006 flags 00000000 extradriverdata 0000000000000000.
[LOG] SystemI::init                            : Initialize version=11006 (95384), maxchannels=256, flags=0x00020000
[LOG] SystemI::setOutputInternal               : Setting output to 'FMOD WASAPI Output'
[LOG] OutputWASAPI::init                       : Mix Format (WAVEFORMATEX): wFormatTag=0xFFFE, nChannels=2, nSamplesPerSec=48000, nAvgBytesPerSec=384000, nBlockAlign=8, wBitsPerSample=32, cbSize=22.
[LOG] OutputWASAPI::init                       : Mix Format (WAVEFORMATEXTENSIBLE): wValidBitsPerSample=32, dwChannelMask=0x00000003, SubFormat=00000003-0000-0010-8000-00AA00389B71.
[LOG] OutputWASAPI::init                       : Output buffer size: 4096 samples, latency: 10.67ms, period: 10.00ms, DSP buffer: 1024 * 4
[LOG] Thread::initThread                       : Init FMOD stream thread. Priority: 2, Stack Size: 65536, Semaphore: No, Sleep Time: 10, Looping: Yes.
[LOG] Thread::initThread                       : Init FMOD mixer thread. Priority: 3, Stack Size: 49152, Semaphore: No, Sleep Time: 0, Looping: Yes.
[LOG] AsyncManager::init                       : manager 00000000426AB2D8 isAsync 0 updatePeriod 0.02
[LOG] AsyncManager::init                       : done
[LOG] PlaybackSystem::init                     : 
[LOG] Thread::initThread                       : Init FMOD Studio sample load thread. Priority: 0, Stack Size: 65536, Semaphore: No, Sleep Time: 1, Looping: No.
[LOG] PlaybackSystem::init                     : done
[LOG] Thread::initThread                       : Init FMOD Studio bank load thread. Priority: 0, Stack Size: 65536, Semaphore: No, Sleep Time: 1, Looping: No.
[LOG] Manager::init                            : done.
[LOG] Manager::readBank                        : fileversion = 100, compatVersion = 99 (oldest = 44, newest = 100)
[WRN] AsyncCommandBuffer::growBuffer           : Growing command buffer to -731880198 bytes. Initial command buffer size can be tuned to avoid dynamic growth using Studio::System::setAdvancedSettings()
[WRN] AsyncCommandBuffer::growBuffer           : Growing command buffer to -731880198 bytes. Initial command buffer size can be tuned to avoid dynamic growth using Studio::System::setAdvancedSettings()
[WRN] AsyncCommandBuffer::growBuffer           : Growing command buffer to -731880198 bytes. Initial command buffer size can be tuned to avoid dynamic growth using Studio::System::setAdvancedSettings()
[LOG] Manager::readBank                        : fileversion = 100, compatVersion = 99 (oldest = 44, newest = 100)
[WRN] AsyncCommandBuffer::growBuffer           : Growing command buffer to -731880198 bytes. Initial command buffer size can be tuned to avoid dynamic growth using Studio::System::setAdvancedSettings()
[LOG] Manager::readBank                        : fileversion = 100, compatVersion = 99 (oldest = 44, newest = 100)
[LOG] SystemI::createSound                     : filename = Assets\FMOD\Build\Desktop/Master Bank.bank : mode 02010082
[LOG] SystemI::createSound                     : FMOD_NONBLOCKING specified.  Putting into queue to be opened asynchronously!
[LOG] SystemI::createSound                     : setdata soundi = 000000005B0D2638 : node = 00000000650F0B40
[LOG] SystemI::createSound                     : add node to async list : head = 000000005B8AD378.  list count = 0
[LOG] AsyncThread::threadFunc                  : Starting Asynchronous operation on sound 000000005B0D2638
[LOG] SystemI::createSoundInternal             :     Create name='Assets\FMOD\Build\Desktop/Master Bank.bank', mode=0x02010082
[LOG] SystemI::createSoundInternal             :     exinfo->cbsize             = 232
[LOG] SystemI::createSoundInternal             :     exinfo->length             = 3678176
[LOG] SystemI::createSoundInternal             :     exinfo->fileoffset         = 71808
[LOG] SystemI::createSoundInternal             :     exinfo->numsubsounds       = 1
[LOG] SystemI::createSound                     :     filename = Assets\FMOD\Build\Desktop/Master Bank.bank : mode 02010082
[LOG] SystemI::createSoundInternal             :     exinfo->inclusionlist      = 00000000650F0C58
[LOG] SystemI::createSound                     :     FMOD_NONBLOCKING specified.  Putting into queue to be opened asynchronously!
[LOG] SystemI::createSoundInternal             :     exinfo->inclusionlistnum   = 1
[LOG] SystemI::createSoundInternal             :     exinfo->suggestedsoundtype = 5
[LOG] SystemI::createSound                     :     setdata soundi = 000000005B0D2488 : node = 00000000650F0C90
[LOG] SystemI::createSoundInternal             :     exinfo->initialseekpostype = 1
[LOG] SystemI::createSound                     :     add node to async list : head = 000000005B8AD378.  list count = 0
[LOG] SystemI::createSoundInternal             :     Stream 0/1: name='Energy Ball', format=2, channels=2, frequency=48000, lengthbytes=213344, lengthpcm=851968, pcmblocksize=0, loopstart=0, loopend=0, mode=0x00000000, channelmask=0x00000000, channelorder=0, peakvolume=0.258575.
[LOG] AsyncThread::threadFunc                  : Finished Asynchronous operation on sound 000000005B0D2638
[LOG] AsyncThread::threadFunc                  : Starting Asynchronous operation on sound 000000005B0D2488
[LOG] SystemI::createSoundInternal             :     Create name='Assets\FMOD\Build\Desktop/Master Bank.bank', mode=0x02010082
[LOG] SystemI::createSoundInternal             :     exinfo->cbsize             = 232
[LOG] SystemI::createSoundInternal             :     exinfo->length             = 3678176
[LOG] SystemI::createSoundInternal             :     exinfo->fileoffset         = 71808
[LOG] SystemI::createSoundInternal             :     exinfo->numsubsounds       = 1
[LOG] SystemI::createSoundInternal             :     exinfo->inclusionlist      = 00000000650F0DA8
[LOG] SystemI::createSoundInternal             :     exinfo->inclusionlistnum   = 1
[LOG] SystemI::createSoundInternal             :     exinfo->suggestedsoundtype = 5
[LOG] SystemI::createSoundInternal             :     exinfo->initialseekpostype = 1
[LOG] SystemI::createSoundInternal             :     Stream 0/1: name='Energy Ball', format=2, channels=2, frequency=48000, lengthbytes=213344, lengthpcm=851968, pcmblocksize=0, loopstart=0, loopend=0, mode=0x00000000, channelmask=0x00000000, channelorder=0, peakvolume=0.258575.
[LOG] AsyncThread::threadFunc                  : Finished Asynchronous operation on sound 000000005B0D2488
[LOG] SoundI::getSubSound                      : sound 000000005B0D2638.  Subsound index 0 / 1
[LOG] SoundI::getSubSound                      : sound 000000005B0D2488.  Subsound index 0 / 1
[LOG] SoundI::release                          : Energy Ball (000000005B5A00C8)
[LOG] SoundI::release                          :     Energy Ball (0000000064CBE6C8)
[LOG] SoundI::release                          :     Energy Ball (000000005B59FD68)
[LOG] SoundI::release                          : Energy Ball (000000005B59FF18)
[LOG] SoundI::release                          :     Energy Ball (000000005B8B3228)
[LOG] SoundI::release                          :     Energy Ball (000000005B59FA08)
[LOG] Manager::readBank                        : fileversion = 100, compatVersion = 99 (oldest = 44, newest = 100)
[LOG] SoundI::release                          :  (000000006481B2A8)
[LOG] SoundI::release                          :     Pre Attack Monkey 1 (0000000064CBDEA8)
[LOG] SoundI::release                          :  (000000005B6E2038)
[LOG] SoundI::release                          :     Pre Attack Monkey 2 (00000000426BC1A8)
[LOG] SoundI::release                          :  (000000005B59DB98)
[LOG] SoundI::release                          :     Pre Attack Monkey 3 (000000005ADC4CB8)
[LOG] SoundI::release                          :  (000000005B6E1798)
[LOG] SoundI::release                          :     DOOR OPEN (000000005B1F0108)
[LOG] SoundI::release                          :  (000000005B6E1EC8)
[LOG] SoundI::release                          :     Impact metal-001 (000000005B1F05E8)
[LOG] SoundI::release                          :  (00000000647CF648)
[LOG] SoundI::release                          :     Impact metal-002 (000000005B8AD3C8)
[LOG] SoundI::release                          :  (000000005B59DA28)
[LOG] SoundI::release                          :     Impact metal-003 (000000005ADC47D8)
[LOG] SoundI::release                          :  (000000006481AFC8)
[LOG] SoundI::release                          :     Snake attack2_bip (0000000064CBE048)
[LOG] SoundI::release                          :  (00000000647CEC38)
[LOG] SoundI::release                          :     Attack snake 3_bip_1 (00000000426BB988)
[LOG] SoundI::release                          :  (000000005B59CB98)
[LOG] SoundI::release                          :     Snake attack1_bip (000000005B8AD708)
[LOG] SoundI::release                          :  (000000006481B138)
[LOG] SoundI::release                          :     Monkey Impact Attack (0000000064CBE1E8)
[LOG] SoundI::release                          :  (000000005B6E1628)
[LOG] SoundI::release                          :     Tudo up final (00000000426B5EA8)
[LOG] SoundI::release                          :  (000000005B59E158)
[LOG] SoundI::release                          :     spash (00000000426B59C8)
[LOG] SoundI::release                          :  (000000006481B868)
[LOG] SoundI::release                          :     splash (0000000064CBE868)
[LOG] SoundI::release                          :  (000000005B59D2C8)
[LOG] SoundI::release                          :     splash 2 (000000005ACFBB78)
[LOG] SoundI::release                          :  (000000005B6E1D58)
[LOG] SoundI::release                          :     Passos Rep-001 (000000005B1EF8E8)
[LOG] SoundI::release                          :  (00000000647CEDA8)
[LOG] SoundI::release                          :     Passos Rep-002 (00000000426BC4E8)
[LOG] SoundI::release                          :  (0000000064B58D08)
[LOG] SoundI::release                          :     Passos Rep-003 (000000005B0D0D98)
[LOG] SoundI::release                          :  (000000006481ACE8)
[LOG] SoundI::release                          :     Passos Rep-004 (00000000427A9F48)
[LOG] SoundI::release                          :  (000000005B59CA28)
[LOG] SoundI::release                          :     Passos Rep-005 (000000005B8AD088)
[LOG] SoundI::release                          :  (000000006481AE58)
[LOG] SoundI::release                          :     Pre Salto 1 (00000000427AA0E8)
[LOG] SoundI::release                          :  (000000005B6E1908)
[LOG] SoundI::release                          :     Pre salto 2 (000000005B1EFC28)
[LOG] SoundI::release                          :  (000000005B59C8B8)
[LOG] SoundI::release                          :     Trepar 1 (000000005B8AD568)
[LOG] SoundI::release                          :  (000000000EA08C98)
[LOG] SoundI::release                          :     Trepar 2 (00000000427A9DA8)
[LOG] SoundI::release                          :  (000000005B59CFE8)
[LOG] SoundI::release                          :     Trepar 3 (000000005ACFBEB8)
[LOG] SoundI::release                          :  (000000005B59E438)
[LOG] SoundI::release                          :     Trepar 4 (00000000426B5B68)
[LOG] SoundI::release                          :  (000000005B6E1348)
[LOG] SoundI::release                          :     Impacto 1 (00000000426B6048)
[LOG] SoundI::release                          :  (000000005B59D8B8)
[LOG] SoundI::release                          :     Impacto 2 (000000005ADC42F8)
[LOG] SoundI::release                          :  (000000000EA089B8)
[LOG] SoundI::release                          :     Impacto 3 (00000000427A9A68)
[LOG] SoundI::release                          :  (00000000647CEAC8)
[LOG] SoundI::release                          :     Passos metal 1 (00000000426BC008)
[LOG] SoundI::release                          :  (000000006481B9D8)
[LOG] SoundI::release                          :     Passos metal 2 (000000005ADC4B18)
[LOG] SoundI::release                          :  (000000005B59D5A8)
[LOG] SoundI::release                          :     Passos metal 3 (000000005B0D0A58)
[LOG] SoundI::release                          :  (00000000647CE958)
[LOG] SoundI::release                          :     Passos metal 4 (00000000426BBE68)
[LOG] SoundI::release                          :  (000000006481B418)
[LOG] SoundI::release                          :     ATIVATION_bip (0000000064CBE528)
[LOG] SoundI::release                          :  (000000005B59DD08)
[LOG] SoundI::release                          :     Vapor (000000005ADC4978)
[LOG] SoundI::release                          :  (000000005B6E1A78)
[LOG] SoundI::release                          :     Colisao1 (000000005B1F02A8)
[LOG] SoundI::release                          :  (000000005B59D438)
[LOG] SoundI::release                          :     Colisao 2 (000000005ACFBD18)
[LOG] SoundI::release                          :  (000000006481B588)
[LOG] SoundI::release                          :     Colisao 3 (0000000064CBEA08)
[LOG] SoundI::release                          :  (00000000647CEF18)
[LOG] SoundI::release                          :     CAIXAS ATIVAR (000000005ACDCC58)
[LOG] SoundI::release                          :  (000000000EA086D8)
[LOG] SoundI::release                          :     Gun1 (000000005B8B2EE8)
[LOG] SoundI::release                          :  (000000005B59E2C8)
[LOG] SoundI::release                          :     Gun2 (00000000426B61E8)
[LOG] SoundI::release                          :  (000000005B59CE78)
[LOG] SoundI::release                          :     Gun4 (000000005ACFB698)
[LOG] SoundI::release                          :  (000000005B59CD08)
[LOG] SoundI::release                          :     Gun5 (000000005B8ADBE8)
[LOG] SoundI::release                          :  (000000006481B6F8)
[LOG] SoundI::release                          :     Gun6 (0000000064CBE388)
[LOG] SoundI::release                          :  (00000000647CF368)
[LOG] SoundI::release                          :     Gun bullet (000000005ACDD7B8)
[LOG] SoundI::release                          :  (00000000647CF1F8)
[LOG] SoundI::release                          :     Explosion (000000005ACDCDF8)
[LOG] SoundI::release                          : Energy Ball (000000005B0D2638)
[LOG] SoundI::release                          :     Energy Ball (000000005B8B3088)
[LOG] SoundI::release                          :     Energy Ball (000000005B0D1DC8)
[LOG] SoundI::release                          : Energy Ball (000000005B0D2488)
[LOG] SoundI::release                          :     Energy Ball (000000005B8B33C8)
[LOG] SoundI::release                          :     Energy Ball (000000005B0D22D8)
[LOG] SoundI::release                          :  (000000005B59E5A8)
[LOG] SoundI::release                          :     Explosion1 (00000000426B5688)
[LOG] SoundI::release                          :  (000000005B59DFE8)
[LOG] SoundI::release                          :     Explosion2 (000000005ADC3FB8)
[LOG] SoundI::release                          :  (00000000647CF4D8)
[LOG] SoundI::release                          :     Explosion3 (000000005ACDCAB8)
[LOG] SoundI::release                          :  (000000005B6E1BE8)
[LOG] SoundI::release                          :     Explosion4 (000000005B1F0448)
[LOG] SoundI::release                          :  (000000005B59D158)
[LOG] SoundI::release                          :     ARRASTAR (000000005ACFB9D8)
[LOG] SoundI::release                          :  (000000005B59DE78)
[LOG] SoundI::release                          :     ARRASTAR1 (000000005ADC4638)
[LOG] SoundI::release                          :  (00000000647CF088)
[LOG] SoundI::release                          :     Tubo Down (000000005ACDD618)
[LOG] SoundI::release                          :  (000000005B6E14B8)
[LOG] SoundI::release                          :     ATIVATION COMPLETE (00000000426B5D08)
[LOG] Thread::callback                         : FMOD Studio update thread finished.
[LOG] Thread::callback                         : FMOD Studio bank load thread finished.
[LOG] Profile::disconnectAll                   : Profiler disconnecting all clients
[LOG] Thread::callback                         : FMOD Studio sample load thread finished.
[LOG] LiveUpdate::release                      : 
[LOG] LiveUpdate::reset                        : Reset connection (reason Disconnected)
[LOG] Thread::callback                         : FMOD stream thread finished.
[LOG] Thread::callback                         : FMOD mixer thread finished.
[LOG] Profile::disconnectAll                   : Profiler disconnecting all clients
[LOG] SystemI::close                           : Closed.
[LOG] Manager::readBank                        : fileversion = 100, compatVersion = 99 (oldest = 44, newest = 100)
[LOG] Manager::readBank                        : fileversion = 100, compatVersion = 99 (oldest = 44, newest = 100)
[LOG] Manager::readBank                        : fileversion = 100, compatVersion = 99 (oldest = 44, newest = 100)
[LOG] Manager::readBank                        : fileversion = 100, compatVersion = 99 (oldest = 44, newest = 100)
[LOG] Manager::readBank                        : fileversion = 100, compatVersion = 99 (oldest = 44, newest = 100)
[LOG] Manager::readBank                        : fileversion = 100, compatVersion = 99 (oldest = 44, newest = 100)
[LOG] PlaybackSystem::acquireMasterBus         : Setting master channel group format to 6
[LOG] Thread::callback                         : FMOD Studio bank load thread finished.
[LOG] Thread::callback                         : FMOD Studio sample load thread finished.
[LOG] LiveUpdate::release                      : 
[LOG] LiveUpdate::reset                        : Reset connection (reason Disconnected)
[LOG] Thread::callback                         : FMOD stream thread finished.
[LOG] Thread::callback                         : FMOD mixer thread finished.
[LOG] SystemI::close                           : Closed.
